  105245	[INFO]	XnLog.cpp	165	OpenNI version is 1.0.0 (Build 25)-MacOSX (Jan  7 2011 14:20:18)
  105318	[INFO]	XnLog.cpp	173	Log system initialized. Console: 1, File: 1, Severity: INFO, Masks: ALL
  105353	[INFO]	XnLog.cpp	173	Log system initialized. Console: 1, File: 1, Severity: INFO, Masks: ALL
  106723	[INFO]	XnUSBLinux-x86.cpp	98	USB is initialized.
 3059299	[INFO]	XnOpenNI.cpp	1261	Creating node 'Device1' of type Device...
 3078827	[INFO]	XnDeviceModule.cpp	431	Module 'Device' configuration was loaded from file.
 3407595	[INFO]	XnDeviceSensorIO.cpp	135	Connected to USB device
 3407656	[INFO]	XnProperty.cpp	151	Property Device.USBPath was changed to 045e/02ae@253/8.
 3446926	[INFO]	XnHostProtocol.cpp	825	Hardware versions: FW=5.1.4 (7) HW=4 Chip=2 Sensor=4 SYS=7
 4854602	[INFO]	XnProperty.cpp	151	Property Device.ID was changed to 0.
 4854660	[INFO]	XnSensor.cpp	182	Device sensor initialized
 4854744	[INFO]	XnOpenNI.cpp	1261	Creating node 'Depth1' of type Depth...
 4854786	[INFO]	XnDeviceBase.cpp	1383	Creating stream 'Depth1' of type 'Depth'...
 4854812	[INFO]	XnProperty.cpp	74	Setting Device.ReadData to 1...
 4854854	[INFO]	XnDeviceSensorIO.cpp	298	Endpoints open
 4867027	[INFO]	XnProperty.cpp	151	Property Device.ReadData was changed to 1.
 4867074	[INFO]	XnProperty.cpp	101	Device.ReadData was successfully set.
 4867496	[INFO]	XnProperty.cpp	151	Property Depth1.Resolution was changed to 0.
 4867519	[INFO]	XnProperty.cpp	151	Property Depth1.XRes was changed to 320.
 4867532	[INFO]	XnProperty.cpp	151	Property Depth1.YRes was changed to 240.
 4867544	[INFO]	XnProperty.cpp	151	Property Depth1.FPS was changed to 30.
 4867556	[INFO]	XnProperty.cpp	151	Property Depth1.OutputFormat was changed to 1.
 4867569	[INFO]	XnProperty.cpp	151	Property Depth1.BytesPerPixel was changed to 2.
 4867582	[INFO]	XnProperty.cpp	151	Property Depth1.RequiredDataSize was changed to 153600.
 4867598	[INFO]	XnProperty.cpp	151	Property Depth1.ParamCoeff was changed to 4.
 4867657	[INFO]	XnProperty.cpp	151	Property Depth1.ShiftScale was changed to 10.
 4880036	[INFO]	XnProperty.cpp	151	Property Depth1.ConstShift was changed to 200.
 4880158	[INFO]	XnProperty.cpp	151	Property Depth1.ZPD was changed to 120.
 4880280	[INFO]	XnProperty.cpp	151	Property Depth1.ZPPS was changed to 0.104200.
 4880308	[INFO]	XnProperty.cpp	151	Property Depth1.LDDIS was changed to 7.500000.
 4880436	[INFO]	XnProperty.cpp	151	Property Depth1.Gain was changed to 30.
 4880486	[INFO]	XnDeviceBase.cpp	1458	Stream 'Depth1' was initialized.
 4880512	[INFO]	XnDeviceBase.cpp	1463	'Depth1' stream was created.
 4880728	[INFO]	XnProperty.cpp	74	Setting Depth1.InputFormat to 3...
 4880761	[INFO]	XnProperty.cpp	151	Property Depth1.InputFormat was changed to 3.
 4880783	[INFO]	XnProperty.cpp	101	Depth1.InputFormat was successfully set.
 4881472	[INFO]	XnProperty.cpp	74	Setting Depth1.RegistrationType to 2...
 4881496	[INFO]	XnProperty.cpp	151	Property Depth1.RegistrationType was changed to 2.
 4881531	[INFO]	XnProperty.cpp	101	Depth1.RegistrationType was successfully set.
 4882207	[INFO]	XnDeviceModule.cpp	431	Module 'Depth1' configuration was loaded from file.
 4882535	[INFO]	XnProperty.cpp	74	Setting Depth1.FPS to 30...
 4882558	[INFO]	XnProperty.cpp	86	Depth1.FPS value did not change.
 4882580	[INFO]	XnProperty.cpp	74	Setting Depth1.YRes to 480...
 4882601	[INFO]	XnProperty.cpp	151	Property Depth1.Resolution was changed to 1.
 4882621	[INFO]	XnProperty.cpp	151	Property Depth1.XRes was changed to 640.
 4882641	[INFO]	XnProperty.cpp	151	Property Depth1.RequiredDataSize was changed to 307200.
 4882664	[INFO]	XnProperty.cpp	151	Property Depth1.YRes was changed to 480.
 4882683	[INFO]	XnProperty.cpp	151	Property Depth1.RequiredDataSize was changed to 614400.
 4882703	[INFO]	XnProperty.cpp	101	Depth1.YRes was successfully set.
 4882724	[INFO]	XnProperty.cpp	74	Setting Depth1.XRes to 640...
 4882742	[INFO]	XnProperty.cpp	86	Depth1.XRes value did not change.
 4882804	[INFO]	XnProperty.cpp	74	Setting Depth1.Mirror to 1...
 4882828	[INFO]	XnProperty.cpp	151	Property Depth1.FirmwareMirror was changed to 1.
 4882888	[INFO]	XnProperty.cpp	151	Property Depth1.Mirror was changed to 1.
 4882906	[INFO]	XnProperty.cpp	101	Depth1.Mirror was successfully set.
 8236264	[INFO]	XnOpenNI.cpp	1261	Creating node 'User1' of type User...
 8422816	[WARNING]	Linux-x86Threads.cpp	173	Failed to set thread priority: Invalid argument
 8422859	[WARNING]	XnUSBLinux-x86.cpp	126	USB events thread: Failed to set thread priority to critical. This might cause loss of data...
 8423775	[INFO]	XnUSBLinux-x86.cpp	1222	USB read thread was started.
 8423810	[INFO]	XnProperty.cpp	151	Property Depth1.ActualReadData was changed to 1.
 8894464	[INFO]	XnProperty.cpp	151	Property Depth1.State was changed to 1.
 8894513	[INFO]	XnDeviceBase.cpp	370	Stream Depth1 is open.
11905264	[INFO]	XnOpenNI.cpp	1261	Creating node 'Image1' of type Image...
11905316	[INFO]	XnDeviceBase.cpp	1383	Creating stream 'Image1' of type 'Image'...
11905544	[INFO]	XnProperty.cpp	151	Property Image1.Resolution was changed to 0.
11905571	[INFO]	XnProperty.cpp	151	Property Image1.XRes was changed to 320.
11905589	[INFO]	XnProperty.cpp	151	Property Image1.YRes was changed to 240.
11905609	[INFO]	XnProperty.cpp	151	Property Image1.FPS was changed to 30.
11905627	[INFO]	XnProperty.cpp	151	Property Image1.OutputFormat was changed to 5.
11905647	[INFO]	XnProperty.cpp	151	Property Image1.BytesPerPixel was changed to 3.
11905666	[INFO]	XnProperty.cpp	151	Property Image1.RequiredDataSize was changed to 230400.
11905708	[INFO]	XnDeviceBase.cpp	1458	Stream 'Image1' was initialized.
11905731	[INFO]	XnDeviceBase.cpp	1463	'Image1' stream was created.
11905881	[INFO]	XnProperty.cpp	74	Setting Image1.InputFormat to 6...
11905912	[INFO]	XnProperty.cpp	151	Property Image1.InputFormat was changed to 6.
11905933	[INFO]	XnProperty.cpp	101	Image1.InputFormat was successfully set.
11906543	[INFO]	XnDeviceModule.cpp	431	Module 'Image1' configuration was loaded from file.
11906667	[INFO]	XnProperty.cpp	74	Setting Image1.FPS to 30...
11906689	[INFO]	XnProperty.cpp	86	Image1.FPS value did not change.
11906710	[INFO]	XnProperty.cpp	74	Setting Image1.YRes to 480...
11906730	[INFO]	XnProperty.cpp	151	Property Image1.Resolution was changed to 1.
11906760	[INFO]	XnProperty.cpp	151	Property Image1.XRes was changed to 640.
11906779	[INFO]	XnProperty.cpp	151	Property Image1.RequiredDataSize was changed to 460800.
11906799	[INFO]	XnProperty.cpp	151	Property Image1.YRes was changed to 480.
11906817	[INFO]	XnProperty.cpp	151	Property Image1.RequiredDataSize was changed to 921600.
11906836	[INFO]	XnProperty.cpp	101	Image1.YRes was successfully set.
11906860	[INFO]	XnProperty.cpp	74	Setting Image1.XRes to 640...
11906879	[INFO]	XnProperty.cpp	86	Image1.XRes value did not change.
11908034	[INFO]	XnUSBLinux-x86.cpp	1222	USB read thread was started.
11908090	[INFO]	XnProperty.cpp	151	Property Image1.ActualReadData was changed to 1.
12095847	[WARNING]	XnDepthProcessor.cpp	133	Read: Depth buffer is corrupt. Size is 549168 (!= 614400)
12095897	[WARNING]	XnFrameStreamProcessor.cpp	132	Depth frame is corrupt!
14995983	[WARNING]	XnDepthProcessor.cpp	133	Read: Depth buffer is corrupt. Size is 597312 (!= 614400)
14996030	[WARNING]	XnFrameStreamProcessor.cpp	132	Depth frame is corrupt!
15109267	[INFO]	XnProperty.cpp	151	Property Image1.State was changed to 1.
15109311	[INFO]	XnDeviceBase.cpp	370	Stream Image1 is open.
15109513	[INFO]	XnProperty.cpp	74	Setting Depth1.Registration to 1...
15131954	[WARNING]	XnDepthProcessor.cpp	133	Read: Depth buffer is corrupt. Size is 587968 (!= 614400)
15132006	[WARNING]	XnFrameStreamProcessor.cpp	132	Depth frame is corrupt!
15264109	[INFO]	XnProperty.cpp	151	Property Depth1.Registration was changed to 1.
15264151	[INFO]	XnProperty.cpp	101	Depth1.Registration was successfully set.
15264196	[INFO]	XnProperty.cpp	74	Setting Image1.Mirror to 1...
15276422	[INFO]	XnProperty.cpp	151	Property Image1.FirmwareMirror was changed to 1.
15276468	[INFO]	XnProperty.cpp	151	Property Image1.Mirror was changed to 1.
15276481	[INFO]	XnProperty.cpp	101	Image1.Mirror was successfully set.
78871154	[INFO]	XnOpenNI.cpp	1459	Destroying node 'User1'
78880826	[INFO]	XnOpenNI.cpp	1459	Destroying node 'Depth1'
78880968	[INFO]	XnDeviceBase.cpp	1507	Destroying stream 'Depth1'...
78882973	[INFO]	XnOpenNI.cpp	1459	Destroying node 'Image1'
78883078	[INFO]	XnDeviceBase.cpp	1507	Destroying stream 'Image1'...
78884437	[INFO]	XnOpenNI.cpp	1459	Destroying node 'Device1'
