   19518	[INFO]	XnLog.cpp	165	OpenNI version is 1.0.0 (Build 25)-MacOSX (Jan  7 2011 14:20:18)
   19592	[INFO]	XnLog.cpp	173	Log system initialized. Console: 1, File: 1, Severity: INFO, Masks: ALL
   19627	[INFO]	XnLog.cpp	173	Log system initialized. Console: 1, File: 1, Severity: INFO, Masks: ALL
   20848	[INFO]	XnUSBLinux-x86.cpp	98	USB is initialized.
15758180	[INFO]	XnOpenNI.cpp	1261	Creating node 'Device1' of type Device...
15759186	[INFO]	XnDeviceModule.cpp	431	Module 'Device' configuration was loaded from file.
17198727	[INFO]	XnDeviceSensorIO.cpp	135	Connected to USB device
17198783	[INFO]	XnProperty.cpp	151	Property Device.USBPath was changed to 045e/02ae@250/10.
17210159	[INFO]	XnHostProtocol.cpp	825	Hardware versions: FW=5.1.4 (7) HW=4 Chip=2 Sensor=4 SYS=7
18620628	[INFO]	XnProperty.cpp	151	Property Device.ID was changed to 0.
18620699	[INFO]	XnSensor.cpp	182	Device sensor initialized
18620807	[INFO]	XnOpenNI.cpp	1261	Creating node 'Depth1' of type Depth...
18620864	[INFO]	XnDeviceBase.cpp	1383	Creating stream 'Depth1' of type 'Depth'...
18620891	[INFO]	XnProperty.cpp	74	Setting Device.ReadData to 1...
18620936	[INFO]	XnDeviceSensorIO.cpp	298	Endpoints open
18633510	[INFO]	XnProperty.cpp	151	Property Device.ReadData was changed to 1.
18633557	[INFO]	XnProperty.cpp	101	Device.ReadData was successfully set.
18633925	[INFO]	XnProperty.cpp	151	Property Depth1.Resolution was changed to 0.
18633947	[INFO]	XnProperty.cpp	151	Property Depth1.XRes was changed to 320.
18633962	[INFO]	XnProperty.cpp	151	Property Depth1.YRes was changed to 240.
18633975	[INFO]	XnProperty.cpp	151	Property Depth1.FPS was changed to 30.
18633988	[INFO]	XnProperty.cpp	151	Property Depth1.OutputFormat was changed to 1.
18634002	[INFO]	XnProperty.cpp	151	Property Depth1.BytesPerPixel was changed to 2.
18634016	[INFO]	XnProperty.cpp	151	Property Depth1.RequiredDataSize was changed to 153600.
18634034	[INFO]	XnProperty.cpp	151	Property Depth1.ParamCoeff was changed to 4.
18634101	[INFO]	XnProperty.cpp	151	Property Depth1.ShiftScale was changed to 10.
18646589	[INFO]	XnProperty.cpp	151	Property Depth1.ConstShift was changed to 200.
18646691	[INFO]	XnProperty.cpp	151	Property Depth1.ZPD was changed to 120.
18646789	[INFO]	XnProperty.cpp	151	Property Depth1.ZPPS was changed to 0.104200.
18646803	[INFO]	XnProperty.cpp	151	Property Depth1.LDDIS was changed to 7.500000.
18646894	[INFO]	XnProperty.cpp	151	Property Depth1.Gain was changed to 30.
18646926	[INFO]	XnDeviceBase.cpp	1458	Stream 'Depth1' was initialized.
18646941	[INFO]	XnDeviceBase.cpp	1463	'Depth1' stream was created.
18647103	[INFO]	XnProperty.cpp	74	Setting Depth1.InputFormat to 3...
18647125	[INFO]	XnProperty.cpp	151	Property Depth1.InputFormat was changed to 3.
18647138	[INFO]	XnProperty.cpp	101	Depth1.InputFormat was successfully set.
18647582	[INFO]	XnProperty.cpp	74	Setting Depth1.RegistrationType to 2...
18647603	[INFO]	XnProperty.cpp	151	Property Depth1.RegistrationType was changed to 2.
18647622	[INFO]	XnProperty.cpp	101	Depth1.RegistrationType was successfully set.
18648104	[INFO]	XnDeviceModule.cpp	431	Module 'Depth1' configuration was loaded from file.
18648296	[INFO]	XnProperty.cpp	74	Setting Depth1.FPS to 30...
18648313	[INFO]	XnProperty.cpp	86	Depth1.FPS value did not change.
18648325	[INFO]	XnProperty.cpp	74	Setting Depth1.YRes to 480...
18648340	[INFO]	XnProperty.cpp	151	Property Depth1.Resolution was changed to 1.
18648353	[INFO]	XnProperty.cpp	151	Property Depth1.XRes was changed to 640.
18648365	[INFO]	XnProperty.cpp	151	Property Depth1.RequiredDataSize was changed to 307200.
18648380	[INFO]	XnProperty.cpp	151	Property Depth1.YRes was changed to 480.
18648392	[INFO]	XnProperty.cpp	151	Property Depth1.RequiredDataSize was changed to 614400.
18648405	[INFO]	XnProperty.cpp	101	Depth1.YRes was successfully set.
18648417	[INFO]	XnProperty.cpp	74	Setting Depth1.XRes to 640...
18648429	[INFO]	XnProperty.cpp	86	Depth1.XRes value did not change.
18648472	[INFO]	XnProperty.cpp	74	Setting Depth1.Mirror to 1...
18648487	[INFO]	XnProperty.cpp	151	Property Depth1.FirmwareMirror was changed to 1.
18648538	[INFO]	XnProperty.cpp	151	Property Depth1.Mirror was changed to 1.
18648550	[INFO]	XnProperty.cpp	101	Depth1.Mirror was successfully set.
41451312	[INFO]	XnOpenNI.cpp	1261	Creating node 'User1' of type User...
41476285	[WARNING]	Linux-x86Threads.cpp	173	Failed to set thread priority: Invalid argument
41476331	[WARNING]	XnUSBLinux-x86.cpp	126	USB events thread: Failed to set thread priority to critical. This might cause loss of data...
41477108	[INFO]	XnUSBLinux-x86.cpp	1222	USB read thread was started.
41477138	[INFO]	XnProperty.cpp	151	Property Depth1.ActualReadData was changed to 1.
41948269	[INFO]	XnProperty.cpp	151	Property Depth1.State was changed to 1.
41948316	[INFO]	XnDeviceBase.cpp	370	Stream Depth1 is open.
42942785	[WARNING]	XnUSBLinux-x86.cpp	1078	Endpoint 0x82, Buffer 1: Asynch transfer failed (status: 1)
