   96310	[INFO]	XnLog.cpp	165	OpenNI version is 1.0.0 (Build 25)-MacOSX (Jan  7 2011 14:20:18)
   96430	[INFO]	XnLog.cpp	173	Log system initialized. Console: 1, File: 1, Severity: INFO, Masks: ALL
   96485	[INFO]	XnLog.cpp	173	Log system initialized. Console: 1, File: 1, Severity: INFO, Masks: ALL
   98330	[INFO]	XnUSBLinux-x86.cpp	98	USB is initialized.
 2113200	[INFO]	XnOpenNI.cpp	1261	Creating node 'Device1' of type Device...
 2113983	[INFO]	XnDeviceModule.cpp	431	Module 'Device' configuration was loaded from file.
 2375492	[INFO]	XnDeviceSensorIO.cpp	135	Connected to USB device
 2375548	[INFO]	XnProperty.cpp	151	Property Device.USBPath was changed to 045e/02ae@253/8.
 2515264	[INFO]	XnHostProtocol.cpp	825	Hardware versions: FW=5.1.4 (7) HW=4 Chip=2 Sensor=4 SYS=7
 3922333	[INFO]	XnProperty.cpp	151	Property Device.ID was changed to 0.
 3922403	[INFO]	XnSensor.cpp	182	Device sensor initialized
 3922531	[INFO]	XnOpenNI.cpp	1261	Creating node 'Depth1' of type Depth...
 3922583	[INFO]	XnDeviceBase.cpp	1383	Creating stream 'Depth1' of type 'Depth'...
 3922608	[INFO]	XnProperty.cpp	74	Setting Device.ReadData to 1...
 3922651	[INFO]	XnDeviceSensorIO.cpp	298	Endpoints open
 3935254	[INFO]	XnProperty.cpp	151	Property Device.ReadData was changed to 1.
 3935297	[INFO]	XnProperty.cpp	101	Device.ReadData was successfully set.
 3935659	[INFO]	XnProperty.cpp	151	Property Depth1.Resolution was changed to 0.
 3935679	[INFO]	XnProperty.cpp	151	Property Depth1.XRes was changed to 320.
 3935693	[INFO]	XnProperty.cpp	151	Property Depth1.YRes was changed to 240.
 3935705	[INFO]	XnProperty.cpp	151	Property Depth1.FPS was changed to 30.
 3935716	[INFO]	XnProperty.cpp	151	Property Depth1.OutputFormat was changed to 1.
 3935727	[INFO]	XnProperty.cpp	151	Property Depth1.BytesPerPixel was changed to 2.
 3935739	[INFO]	XnProperty.cpp	151	Property Depth1.RequiredDataSize was changed to 153600.
 3935756	[INFO]	XnProperty.cpp	151	Property Depth1.ParamCoeff was changed to 4.
 3935815	[INFO]	XnProperty.cpp	151	Property Depth1.ShiftScale was changed to 10.
 3948120	[INFO]	XnProperty.cpp	151	Property Depth1.ConstShift was changed to 200.
 3948236	[INFO]	XnProperty.cpp	151	Property Depth1.ZPD was changed to 120.
 3948356	[INFO]	XnProperty.cpp	151	Property Depth1.ZPPS was changed to 0.104200.
 3948375	[INFO]	XnProperty.cpp	151	Property Depth1.LDDIS was changed to 7.500000.
 3948503	[INFO]	XnProperty.cpp	151	Property Depth1.Gain was changed to 30.
 3948543	[INFO]	XnDeviceBase.cpp	1458	Stream 'Depth1' was initialized.
 3948562	[INFO]	XnDeviceBase.cpp	1463	'Depth1' stream was created.
 3948775	[INFO]	XnProperty.cpp	74	Setting Depth1.InputFormat to 3...
 3948804	[INFO]	XnProperty.cpp	151	Property Depth1.InputFormat was changed to 3.
 3948824	[INFO]	XnProperty.cpp	101	Depth1.InputFormat was successfully set.
 3949412	[INFO]	XnProperty.cpp	74	Setting Depth1.RegistrationType to 2...
 3949438	[INFO]	XnProperty.cpp	151	Property Depth1.RegistrationType was changed to 2.
 3949455	[INFO]	XnProperty.cpp	101	Depth1.RegistrationType was successfully set.
 3950071	[INFO]	XnDeviceModule.cpp	431	Module 'Depth1' configuration was loaded from file.
 3950268	[INFO]	XnProperty.cpp	74	Setting Depth1.FPS to 30...
 3950288	[INFO]	XnProperty.cpp	86	Depth1.FPS value did not change.
 3950307	[INFO]	XnProperty.cpp	74	Setting Depth1.YRes to 480...
 3950330	[INFO]	XnProperty.cpp	151	Property Depth1.Resolution was changed to 1.
 3950349	[INFO]	XnProperty.cpp	151	Property Depth1.XRes was changed to 640.
 3950367	[INFO]	XnProperty.cpp	151	Property Depth1.RequiredDataSize was changed to 307200.
 3950389	[INFO]	XnProperty.cpp	151	Property Depth1.YRes was changed to 480.
 3950406	[INFO]	XnProperty.cpp	151	Property Depth1.RequiredDataSize was changed to 614400.
 3950425	[INFO]	XnProperty.cpp	101	Depth1.YRes was successfully set.
 3950443	[INFO]	XnProperty.cpp	74	Setting Depth1.XRes to 640...
 3950459	[INFO]	XnProperty.cpp	86	Depth1.XRes value did not change.
 3950514	[INFO]	XnProperty.cpp	74	Setting Depth1.Mirror to 1...
 3950534	[INFO]	XnProperty.cpp	151	Property Depth1.FirmwareMirror was changed to 1.
 4033879	[INFO]	XnProperty.cpp	151	Property Depth1.Mirror was changed to 1.
 4033899	[INFO]	XnProperty.cpp	101	Depth1.Mirror was successfully set.
11864209	[INFO]	XnOpenNI.cpp	1261	Creating node 'User1' of type User...
12632704	[WARNING]	Linux-x86Threads.cpp	173	Failed to set thread priority: Invalid argument
12703325	[WARNING]	XnUSBLinux-x86.cpp	126	USB events thread: Failed to set thread priority to critical. This might cause loss of data...
12704625	[INFO]	XnUSBLinux-x86.cpp	1222	USB read thread was started.
12704672	[INFO]	XnProperty.cpp	151	Property Depth1.ActualReadData was changed to 1.
13175407	[INFO]	XnProperty.cpp	151	Property Depth1.State was changed to 1.
13175466	[INFO]	XnDeviceBase.cpp	370	Stream Depth1 is open.
14290560	[INFO]	XnOpenNI.cpp	1261	Creating node 'Image1' of type Image...
14290612	[INFO]	XnDeviceBase.cpp	1383	Creating stream 'Image1' of type 'Image'...
14290859	[INFO]	XnProperty.cpp	151	Property Image1.Resolution was changed to 0.
14290884	[INFO]	XnProperty.cpp	151	Property Image1.XRes was changed to 320.
14290904	[INFO]	XnProperty.cpp	151	Property Image1.YRes was changed to 240.
14290925	[INFO]	XnProperty.cpp	151	Property Image1.FPS was changed to 30.
14290945	[INFO]	XnProperty.cpp	151	Property Image1.OutputFormat was changed to 5.
14290964	[INFO]	XnProperty.cpp	151	Property Image1.BytesPerPixel was changed to 3.
14290984	[INFO]	XnProperty.cpp	151	Property Image1.RequiredDataSize was changed to 230400.
14291026	[INFO]	XnDeviceBase.cpp	1458	Stream 'Image1' was initialized.
14291056	[INFO]	XnDeviceBase.cpp	1463	'Image1' stream was created.
14291195	[INFO]	XnProperty.cpp	74	Setting Image1.InputFormat to 6...
14291226	[INFO]	XnProperty.cpp	151	Property Image1.InputFormat was changed to 6.
14291245	[INFO]	XnProperty.cpp	101	Image1.InputFormat was successfully set.
14291868	[INFO]	XnDeviceModule.cpp	431	Module 'Image1' configuration was loaded from file.
14317497	[INFO]	XnProperty.cpp	74	Setting Image1.FPS to 30...
14317540	[INFO]	XnProperty.cpp	86	Image1.FPS value did not change.
14317554	[INFO]	XnProperty.cpp	74	Setting Image1.YRes to 480...
14317568	[INFO]	XnProperty.cpp	151	Property Image1.Resolution was changed to 1.
14317581	[INFO]	XnProperty.cpp	151	Property Image1.XRes was changed to 640.
14317593	[INFO]	XnProperty.cpp	151	Property Image1.RequiredDataSize was changed to 460800.
14317609	[INFO]	XnProperty.cpp	151	Property Image1.YRes was changed to 480.
14317620	[INFO]	XnProperty.cpp	151	Property Image1.RequiredDataSize was changed to 921600.
14317637	[INFO]	XnProperty.cpp	101	Image1.YRes was successfully set.
14317658	[INFO]	XnProperty.cpp	74	Setting Image1.XRes to 640...
14317675	[INFO]	XnProperty.cpp	86	Image1.XRes value did not change.
14318759	[INFO]	XnUSBLinux-x86.cpp	1222	USB read thread was started.
14318800	[INFO]	XnProperty.cpp	151	Property Image1.ActualReadData was changed to 1.
14508478	[WARNING]	XnDepthProcessor.cpp	133	Read: Depth buffer is corrupt. Size is 551712 (!= 614400)
14508528	[WARNING]	XnFrameStreamProcessor.cpp	132	Depth frame is corrupt!
17408579	[WARNING]	XnDepthProcessor.cpp	133	Read: Depth buffer is corrupt. Size is 571824 (!= 614400)
17408630	[WARNING]	XnFrameStreamProcessor.cpp	132	Depth frame is corrupt!
17519784	[INFO]	XnProperty.cpp	151	Property Image1.State was changed to 1.
17519825	[INFO]	XnDeviceBase.cpp	370	Stream Image1 is open.
17537941	[INFO]	XnProperty.cpp	74	Setting Depth1.Registration to 1...
17576554	[WARNING]	XnDepthProcessor.cpp	133	Read: Depth buffer is corrupt. Size is 580272 (!= 614400)
17576600	[WARNING]	XnFrameStreamProcessor.cpp	132	Depth frame is corrupt!
17694862	[INFO]	XnProperty.cpp	151	Property Depth1.Registration was changed to 1.
17694980	[INFO]	XnProperty.cpp	101	Depth1.Registration was successfully set.
17695040	[INFO]	XnProperty.cpp	74	Setting Image1.Mirror to 1...
17707877	[INFO]	XnProperty.cpp	151	Property Image1.FirmwareMirror was changed to 1.
17707923	[INFO]	XnProperty.cpp	151	Property Image1.Mirror was changed to 1.
17707936	[INFO]	XnProperty.cpp	101	Image1.Mirror was successfully set.
