   57001	[INFO]	XnLog.cpp	165	OpenNI version is 1.0.0 (Build 25)-MacOSX (Jan  7 2011 14:20:18)
   57112	[INFO]	XnLog.cpp	173	Log system initialized. Console: 1, File: 1, Severity: INFO, Masks: ALL
   57167	[INFO]	XnLog.cpp	173	Log system initialized. Console: 1, File: 1, Severity: INFO, Masks: ALL
   58565	[INFO]	XnUSBLinux-x86.cpp	98	USB is initialized.
10058553	[INFO]	XnOpenNI.cpp	1261	Creating node 'Device1' of type Device...
10086818	[INFO]	XnDeviceModule.cpp	431	Module 'Device' configuration was loaded from file.
11419160	[INFO]	XnDeviceSensorIO.cpp	135	Connected to USB device
11419217	[INFO]	XnProperty.cpp	151	Property Device.USBPath was changed to 045e/02ae@250/10.
11426586	[INFO]	XnHostProtocol.cpp	825	Hardware versions: FW=5.1.4 (7) HW=4 Chip=2 Sensor=4 SYS=7
12838701	[INFO]	XnProperty.cpp	151	Property Device.ID was changed to 0.
12838772	[INFO]	XnSensor.cpp	182	Device sensor initialized
12838884	[INFO]	XnOpenNI.cpp	1261	Creating node 'Depth1' of type Depth...
12838934	[INFO]	XnDeviceBase.cpp	1383	Creating stream 'Depth1' of type 'Depth'...
12838956	[INFO]	XnProperty.cpp	74	Setting Device.ReadData to 1...
12838994	[INFO]	XnDeviceSensorIO.cpp	298	Endpoints open
12851443	[INFO]	XnProperty.cpp	151	Property Device.ReadData was changed to 1.
12851493	[INFO]	XnProperty.cpp	101	Device.ReadData was successfully set.
12851921	[INFO]	XnProperty.cpp	151	Property Depth1.Resolution was changed to 0.
12851950	[INFO]	XnProperty.cpp	151	Property Depth1.XRes was changed to 320.
12851977	[INFO]	XnProperty.cpp	151	Property Depth1.YRes was changed to 240.
12852002	[INFO]	XnProperty.cpp	151	Property Depth1.FPS was changed to 30.
12852027	[INFO]	XnProperty.cpp	151	Property Depth1.OutputFormat was changed to 1.
12852053	[INFO]	XnProperty.cpp	151	Property Depth1.BytesPerPixel was changed to 2.
12852079	[INFO]	XnProperty.cpp	151	Property Depth1.RequiredDataSize was changed to 153600.
12852105	[INFO]	XnProperty.cpp	151	Property Depth1.ParamCoeff was changed to 4.
12852205	[INFO]	XnProperty.cpp	151	Property Depth1.ShiftScale was changed to 10.
12864455	[INFO]	XnProperty.cpp	151	Property Depth1.ConstShift was changed to 200.
12864561	[INFO]	XnProperty.cpp	151	Property Depth1.ZPD was changed to 120.
12864673	[INFO]	XnProperty.cpp	151	Property Depth1.ZPPS was changed to 0.104200.
12864694	[INFO]	XnProperty.cpp	151	Property Depth1.LDDIS was changed to 7.500000.
12864808	[INFO]	XnProperty.cpp	151	Property Depth1.Gain was changed to 30.
12864850	[INFO]	XnDeviceBase.cpp	1458	Stream 'Depth1' was initialized.
12864872	[INFO]	XnDeviceBase.cpp	1463	'Depth1' stream was created.
12865037	[INFO]	XnProperty.cpp	74	Setting Depth1.InputFormat to 3...
12865064	[INFO]	XnProperty.cpp	151	Property Depth1.InputFormat was changed to 3.
12865084	[INFO]	XnProperty.cpp	101	Depth1.InputFormat was successfully set.
12865534	[INFO]	XnProperty.cpp	74	Setting Depth1.RegistrationType to 2...
12865553	[INFO]	XnProperty.cpp	151	Property Depth1.RegistrationType was changed to 2.
12865571	[INFO]	XnProperty.cpp	101	Depth1.RegistrationType was successfully set.
12866049	[INFO]	XnDeviceModule.cpp	431	Module 'Depth1' configuration was loaded from file.
12866275	[INFO]	XnProperty.cpp	74	Setting Depth1.FPS to 30...
12866307	[INFO]	XnProperty.cpp	86	Depth1.FPS value did not change.
12866325	[INFO]	XnProperty.cpp	74	Setting Depth1.YRes to 480...
12866345	[INFO]	XnProperty.cpp	151	Property Depth1.Resolution was changed to 1.
12866363	[INFO]	XnProperty.cpp	151	Property Depth1.XRes was changed to 640.
12866380	[INFO]	XnProperty.cpp	151	Property Depth1.RequiredDataSize was changed to 307200.
12866400	[INFO]	XnProperty.cpp	151	Property Depth1.YRes was changed to 480.
12866417	[INFO]	XnProperty.cpp	151	Property Depth1.RequiredDataSize was changed to 614400.
12866435	[INFO]	XnProperty.cpp	101	Depth1.YRes was successfully set.
12866451	[INFO]	XnProperty.cpp	74	Setting Depth1.XRes to 640...
12866467	[INFO]	XnProperty.cpp	86	Depth1.XRes value did not change.
12866530	[INFO]	XnProperty.cpp	74	Setting Depth1.Mirror to 1...
12866553	[INFO]	XnProperty.cpp	151	Property Depth1.FirmwareMirror was changed to 1.
12866617	[INFO]	XnProperty.cpp	151	Property Depth1.Mirror was changed to 1.
12866635	[INFO]	XnProperty.cpp	101	Depth1.Mirror was successfully set.
23690328	[INFO]	XnOpenNI.cpp	1261	Creating node 'User1' of type User...
23900722	[WARNING]	Linux-x86Threads.cpp	173	Failed to set thread priority: Invalid argument
23900789	[WARNING]	XnUSBLinux-x86.cpp	126	USB events thread: Failed to set thread priority to critical. This might cause loss of data...
23902204	[INFO]	XnUSBLinux-x86.cpp	1222	USB read thread was started.
23902264	[INFO]	XnProperty.cpp	151	Property Depth1.ActualReadData was changed to 1.
24373560	[INFO]	XnProperty.cpp	151	Property Depth1.State was changed to 1.
24373612	[INFO]	XnDeviceBase.cpp	370	Stream Depth1 is open.
39719838	[WARNING]	XnDepthProcessor.cpp	133	Read: Depth buffer is corrupt. Size is 267680 (!= 614400)
39719888	[WARNING]	XnFrameStreamProcessor.cpp	132	Depth frame is corrupt!
68060435	[INFO]	XnOpenNI.cpp	1261	Creating node 'Image1' of type Image...
68060491	[INFO]	XnDeviceBase.cpp	1383	Creating stream 'Image1' of type 'Image'...
68060715	[INFO]	XnProperty.cpp	151	Property Image1.Resolution was changed to 0.
68060740	[INFO]	XnProperty.cpp	151	Property Image1.XRes was changed to 320.
68060759	[INFO]	XnProperty.cpp	151	Property Image1.YRes was changed to 240.
68060777	[INFO]	XnProperty.cpp	151	Property Image1.FPS was changed to 30.
68060793	[INFO]	XnProperty.cpp	151	Property Image1.OutputFormat was changed to 5.
68060811	[INFO]	XnProperty.cpp	151	Property Image1.BytesPerPixel was changed to 3.
68060830	[INFO]	XnProperty.cpp	151	Property Image1.RequiredDataSize was changed to 230400.
68060871	[INFO]	XnDeviceBase.cpp	1458	Stream 'Image1' was initialized.
68060893	[INFO]	XnDeviceBase.cpp	1463	'Image1' stream was created.
68061026	[INFO]	XnProperty.cpp	74	Setting Image1.InputFormat to 6...
68061058	[INFO]	XnProperty.cpp	151	Property Image1.InputFormat was changed to 6.
68061078	[INFO]	XnProperty.cpp	101	Image1.InputFormat was successfully set.
68061698	[INFO]	XnDeviceModule.cpp	431	Module 'Image1' configuration was loaded from file.
68061815	[INFO]	XnProperty.cpp	74	Setting Image1.FPS to 30...
68061839	[INFO]	XnProperty.cpp	86	Image1.FPS value did not change.
68061858	[INFO]	XnProperty.cpp	74	Setting Image1.YRes to 480...
68061877	[INFO]	XnProperty.cpp	151	Property Image1.Resolution was changed to 1.
68061895	[INFO]	XnProperty.cpp	151	Property Image1.XRes was changed to 640.
68061914	[INFO]	XnProperty.cpp	151	Property Image1.RequiredDataSize was changed to 460800.
68061934	[INFO]	XnProperty.cpp	151	Property Image1.YRes was changed to 480.
68061950	[INFO]	XnProperty.cpp	151	Property Image1.RequiredDataSize was changed to 921600.
68061966	[INFO]	XnProperty.cpp	101	Image1.YRes was successfully set.
68061986	[INFO]	XnProperty.cpp	74	Setting Image1.XRes to 640...
68062003	[INFO]	XnProperty.cpp	86	Image1.XRes value did not change.
68063045	[INFO]	XnUSBLinux-x86.cpp	1222	USB read thread was started.
68063114	[INFO]	XnProperty.cpp	151	Property Image1.ActualReadData was changed to 1.
68252232	[WARNING]	XnDepthProcessor.cpp	133	Read: Depth buffer is corrupt. Size is 564528 (!= 614400)
68252278	[WARNING]	XnFrameStreamProcessor.cpp	132	Depth frame is corrupt!
71152341	[WARNING]	XnDepthProcessor.cpp	133	Read: Depth buffer is corrupt. Size is 597424 (!= 614400)
71152387	[WARNING]	XnFrameStreamProcessor.cpp	132	Depth frame is corrupt!
71263292	[INFO]	XnProperty.cpp	151	Property Image1.State was changed to 1.
71263335	[INFO]	XnDeviceBase.cpp	370	Stream Image1 is open.
71263518	[INFO]	XnProperty.cpp	74	Setting Depth1.Registration to 1...
71271284	[WARNING]	XnFirmwareStreams.cpp	324	Unknown packet type (0x445a)!!!
71288239	[WARNING]	XnDepthProcessor.cpp	133	Read: Depth buffer is corrupt. Size is 588192 (!= 614400)
71288286	[WARNING]	XnFrameStreamProcessor.cpp	132	Depth frame is corrupt!
71320316	[WARNING]	XnDepthProcessor.cpp	133	Read: Depth buffer is corrupt. Size is 591008 (!= 614400)
71320364	[WARNING]	XnFrameStreamProcessor.cpp	132	Depth frame is corrupt!
71416245	[INFO]	XnProperty.cpp	151	Property Depth1.Registration was changed to 1.
71416333	[INFO]	XnProperty.cpp	101	Depth1.Registration was successfully set.
71416393	[INFO]	XnProperty.cpp	74	Setting Image1.Mirror to 1...
71428732	[INFO]	XnProperty.cpp	151	Property Image1.FirmwareMirror was changed to 1.
71428786	[INFO]	XnProperty.cpp	151	Property Image1.Mirror was changed to 1.
71428807	[INFO]	XnProperty.cpp	101	Image1.Mirror was successfully set.
124318335	[INFO]	XnOpenNI.cpp	1459	Destroying node 'User1'
124326403	[INFO]	XnOpenNI.cpp	1459	Destroying node 'Depth1'
124326494	[INFO]	XnDeviceBase.cpp	1507	Destroying stream 'Depth1'...
124327756	[INFO]	XnOpenNI.cpp	1459	Destroying node 'Image1'
124327812	[INFO]	XnDeviceBase.cpp	1507	Destroying stream 'Image1'...
124328847	[INFO]	XnOpenNI.cpp	1459	Destroying node 'Device1'
